<?xml version="1.0" encoding="UTF-8"?>
<!-- Generated by org.testng.reporters.JUnitXMLReporter -->
<testsuite hostname="rupesh3151597" ignored="0" name="Default test" tests="4" failures="0" timestamp="2021-04-14T16:27:34 IST" time="134.949" errors="0">
  <testcase name="clickOnSwipeButtonAndFetchCarouselText" time="10.179" classname="com.rpshjha.test.Test_day2"/>
  <testcase name="clickOnSwipeButtonAndFetchCarouselText" time="21.626" classname="com.rpshjha.test.Test_day2"/>
  <testcase name="clickOnSwipeButtonAndFetchCarouselText" time="5.956" classname="com.rpshjha.test.Test_day2"/>
  <testcase name="clickOnSwipeButtonAndFetchCarouselText" time="52.088" classname="com.rpshjha.test.Test_day2"/>
</testsuite> <!-- Default test -->
