<?xml version="1.0" encoding="UTF-8"?>
<!-- Generated by org.testng.reporters.JUnitXMLReporter -->
<testsuite hostname="rupesh3151597" ignored="0" name="Default test" tests="4" failures="0" timestamp="2021-04-14T15:17:10 IST" time="143.497" errors="0">
  <testcase name="clickOnSwipeButtonAndFetchCarouselText" time="15.009" classname="com.rpshjha.test.Test_day2"/>
  <testcase name="clickOnSwipeButtonAndFetchCarouselText" time="26.247" classname="com.rpshjha.test.Test_day2"/>
  <testcase name="clickOnSwipeButtonAndFetchCarouselText" time="7.67" classname="com.rpshjha.test.Test_day2"/>
  <testcase name="clickOnSwipeButtonAndFetchCarouselText" time="51.78" classname="com.rpshjha.test.Test_day2"/>
</testsuite> <!-- Default test -->
