<?xml version="1.0" encoding="UTF-8"?>
<!-- Generated by org.testng.reporters.JUnitXMLReporter -->
<testsuite hostname="rupesh3151597" ignored="0" name="Test" tests="4" failures="0" timestamp="2021-04-15T14:12:08 IST" time="111.977" errors="0">
  <testcase name="clickOnSwipeButtonAndFetchCarouselText" time="11.145" classname="com.rpshjha.test.Test_day2"/>
  <testcase name="clickOnSwipeButtonAndFetchCarouselText" time="5.64" classname="com.rpshjha.test.Test_day2"/>
  <testcase name="clickOnSwipeButtonAndFetchCarouselText" time="22.263" classname="com.rpshjha.test.Test_day2"/>
  <testcase name="clickOnSwipeButtonAndFetchCarouselText" time="32.968" classname="com.rpshjha.test.Test_day2"/>
</testsuite> <!-- Test -->
