<?xml version="1.0" encoding="UTF-8"?>
<testng-results skipped="0" failed="0" ignored="0" total="4" passed="4">
  <reporter-output>
  </reporter-output>
  <suite name="Default suite" duration-ms="134949" started-at="2021-04-14T16:25:19 IST" finished-at="2021-04-14T16:27:34 IST">
    <groups>
    </groups>
    <test name="Default test" duration-ms="134949" started-at="2021-04-14T16:25:19 IST" finished-at="2021-04-14T16:27:34 IST">
      <class name="com.rpshjha.test.Test_day2">
        <test-method status="PASS" signature="setup(java.lang.String)[pri:0, instance:com.rpshjha.test.Test_day2@13e39c73]" name="setup" is-config="true" duration-ms="3821" started-at="2021-04-14T16:25:20 IST" finished-at="2021-04-14T16:25:23 IST">
          <params>
            <param index="0">
              <value is-null="true"/>
            </param>
          </params>
          <reporter-output>
          </reporter-output>
        </test-method> <!-- setup -->
        <test-method status="PASS" signature="navigateToURL()[pri:0, instance:com.rpshjha.test.Test_day2@13e39c73]" name="navigateToURL" is-config="true" duration-ms="12598" started-at="2021-04-14T16:25:23 IST" finished-at="2021-04-14T16:25:36 IST">
          <reporter-output>
          </reporter-output>
        </test-method> <!-- navigateToURL -->
        <test-method status="PASS" signature="clickOnSwipeButtonAndFetchCarouselText(java.lang.String)[pri:0, instance:com.rpshjha.test.Test_day2@13e39c73]" name="clickOnSwipeButtonAndFetchCarouselText" duration-ms="10179" started-at="2021-04-14T16:25:36 IST" data-provider="dataprovider_for_swipe_container_section" finished-at="2021-04-14T16:25:46 IST">
          <params>
            <param index="0">
              <value>
                <![CDATA[Recommended For You]]>
              </value>
            </param>
          </params>
          <reporter-output>
          </reporter-output>
        </test-method> <!-- clickOnSwipeButtonAndFetchCarouselText -->
        <test-method status="PASS" signature="closeBrowser()[pri:0, instance:com.rpshjha.test.Test_day2@13e39c73]" name="closeBrowser" is-config="true" duration-ms="3" started-at="2021-04-14T16:25:46 IST" finished-at="2021-04-14T16:25:46 IST">
          <reporter-output>
          </reporter-output>
        </test-method> <!-- closeBrowser -->
        <test-method status="PASS" signature="navigateToURL()[pri:0, instance:com.rpshjha.test.Test_day2@13e39c73]" name="navigateToURL" is-config="true" duration-ms="8946" started-at="2021-04-14T16:25:46 IST" finished-at="2021-04-14T16:25:55 IST">
          <reporter-output>
          </reporter-output>
        </test-method> <!-- navigateToURL -->
        <test-method status="PASS" signature="clickOnSwipeButtonAndFetchCarouselText(java.lang.String)[pri:0, instance:com.rpshjha.test.Test_day2@13e39c73]" name="clickOnSwipeButtonAndFetchCarouselText" duration-ms="21626" started-at="2021-04-14T16:25:55 IST" data-provider="dataprovider_for_swipe_container_section" finished-at="2021-04-14T16:26:17 IST">
          <params>
            <param index="0">
              <value>
                <![CDATA[Save big on mobiles & tablets]]>
              </value>
            </param>
          </params>
          <reporter-output>
          </reporter-output>
        </test-method> <!-- clickOnSwipeButtonAndFetchCarouselText -->
        <test-method status="PASS" signature="closeBrowser()[pri:0, instance:com.rpshjha.test.Test_day2@13e39c73]" name="closeBrowser" is-config="true" duration-ms="0" started-at="2021-04-14T16:26:17 IST" finished-at="2021-04-14T16:26:17 IST">
          <reporter-output>
          </reporter-output>
        </test-method> <!-- closeBrowser -->
        <test-method status="PASS" signature="navigateToURL()[pri:0, instance:com.rpshjha.test.Test_day2@13e39c73]" name="navigateToURL" is-config="true" duration-ms="8544" started-at="2021-04-14T16:26:17 IST" finished-at="2021-04-14T16:26:25 IST">
          <reporter-output>
          </reporter-output>
        </test-method> <!-- navigateToURL -->
        <test-method status="PASS" signature="clickOnSwipeButtonAndFetchCarouselText(java.lang.String)[pri:0, instance:com.rpshjha.test.Test_day2@13e39c73]" name="clickOnSwipeButtonAndFetchCarouselText" duration-ms="5956" started-at="2021-04-14T16:26:25 IST" data-provider="dataprovider_for_swipe_container_section" finished-at="2021-04-14T16:26:31 IST">
          <params>
            <param index="0">
              <value>
                <![CDATA[Top picks in electronics]]>
              </value>
            </param>
          </params>
          <reporter-output>
          </reporter-output>
        </test-method> <!-- clickOnSwipeButtonAndFetchCarouselText -->
        <test-method status="PASS" signature="closeBrowser()[pri:0, instance:com.rpshjha.test.Test_day2@13e39c73]" name="closeBrowser" is-config="true" duration-ms="1" started-at="2021-04-14T16:26:31 IST" finished-at="2021-04-14T16:26:31 IST">
          <reporter-output>
          </reporter-output>
        </test-method> <!-- closeBrowser -->
        <test-method status="PASS" signature="navigateToURL()[pri:0, instance:com.rpshjha.test.Test_day2@13e39c73]" name="navigateToURL" is-config="true" duration-ms="9622" started-at="2021-04-14T16:26:31 IST" finished-at="2021-04-14T16:26:41 IST">
          <reporter-output>
          </reporter-output>
        </test-method> <!-- navigateToURL -->
        <test-method status="PASS" signature="clickOnSwipeButtonAndFetchCarouselText(java.lang.String)[pri:0, instance:com.rpshjha.test.Test_day2@13e39c73]" name="clickOnSwipeButtonAndFetchCarouselText" duration-ms="52088" started-at="2021-04-14T16:26:41 IST" data-provider="dataprovider_for_swipe_container_section" finished-at="2021-04-14T16:27:33 IST">
          <params>
            <param index="0">
              <value>
                <![CDATA[Buy 1 get 1 free on watches & eyewear]]>
              </value>
            </param>
          </params>
          <reporter-output>
          </reporter-output>
        </test-method> <!-- clickOnSwipeButtonAndFetchCarouselText -->
        <test-method status="PASS" signature="closeBrowser()[pri:0, instance:com.rpshjha.test.Test_day2@13e39c73]" name="closeBrowser" is-config="true" duration-ms="1" started-at="2021-04-14T16:27:33 IST" finished-at="2021-04-14T16:27:33 IST">
          <reporter-output>
          </reporter-output>
        </test-method> <!-- closeBrowser -->
        <test-method status="PASS" signature="tearDown()[pri:0, instance:com.rpshjha.test.Test_day2@13e39c73]" name="tearDown" is-config="true" duration-ms="1238" started-at="2021-04-14T16:27:33 IST" finished-at="2021-04-14T16:27:34 IST">
          <reporter-output>
          </reporter-output>
        </test-method> <!-- tearDown -->
      </class> <!-- com.rpshjha.test.Test_day2 -->
    </test> <!-- Default test -->
  </suite> <!-- Default suite -->
</testng-results>
