<?xml version="1.0" encoding="UTF-8"?>
<testng-results skipped="0" failed="0" ignored="0" total="4" passed="4">
  <reporter-output>
  </reporter-output>
  <suite name="Suite" duration-ms="111977" started-at="2021-04-15T14:10:16 IST" finished-at="2021-04-15T14:12:08 IST">
    <groups>
    </groups>
    <test name="Test" duration-ms="111977" started-at="2021-04-15T14:10:16 IST" finished-at="2021-04-15T14:12:08 IST">
      <class name="com.rpshjha.test.Test_day2">
        <test-method status="PASS" signature="setup(java.lang.String)[pri:0, instance:com.rpshjha.test.Test_day2@9225652]" name="setup" is-config="true" duration-ms="2459" started-at="2021-04-15T14:10:16 IST" finished-at="2021-04-15T14:10:18 IST">
          <params>
            <param index="0">
              <value is-null="true"/>
            </param>
          </params>
          <reporter-output>
          </reporter-output>
        </test-method> <!-- setup -->
        <test-method status="PASS" signature="navigateToURL()[pri:0, instance:com.rpshjha.test.Test_day2@9225652]" name="navigateToURL" is-config="true" duration-ms="10416" started-at="2021-04-15T14:10:18 IST" finished-at="2021-04-15T14:10:28 IST">
          <reporter-output>
          </reporter-output>
        </test-method> <!-- navigateToURL -->
        <test-method status="PASS" signature="clickOnSwipeButtonAndFetchCarouselText(java.lang.String)[pri:0, instance:com.rpshjha.test.Test_day2@9225652]" name="clickOnSwipeButtonAndFetchCarouselText" duration-ms="11145" started-at="2021-04-15T14:10:29 IST" data-provider="dataprovider_for_swipe_container_section" finished-at="2021-04-15T14:10:40 IST">
          <params>
            <param index="0">
              <value>
                <![CDATA[Recommended For You]]>
              </value>
            </param>
          </params>
          <reporter-output>
          </reporter-output>
        </test-method> <!-- clickOnSwipeButtonAndFetchCarouselText -->
        <test-method status="PASS" signature="navigateToURL()[pri:0, instance:com.rpshjha.test.Test_day2@9225652]" name="navigateToURL" is-config="true" duration-ms="8640" started-at="2021-04-15T14:10:40 IST" finished-at="2021-04-15T14:10:48 IST">
          <reporter-output>
          </reporter-output>
        </test-method> <!-- navigateToURL -->
        <test-method status="PASS" signature="clickOnSwipeButtonAndFetchCarouselText(java.lang.String)[pri:0, instance:com.rpshjha.test.Test_day2@9225652]" name="clickOnSwipeButtonAndFetchCarouselText" duration-ms="5640" started-at="2021-04-15T14:10:48 IST" data-provider="dataprovider_for_swipe_container_section" finished-at="2021-04-15T14:10:54 IST">
          <params>
            <param index="0">
              <value>
                <![CDATA[Save big on mobiles & tablets]]>
              </value>
            </param>
          </params>
          <reporter-output>
          </reporter-output>
        </test-method> <!-- clickOnSwipeButtonAndFetchCarouselText -->
        <test-method status="PASS" signature="navigateToURL()[pri:0, instance:com.rpshjha.test.Test_day2@9225652]" name="navigateToURL" is-config="true" duration-ms="8056" started-at="2021-04-15T14:10:54 IST" finished-at="2021-04-15T14:11:02 IST">
          <reporter-output>
          </reporter-output>
        </test-method> <!-- navigateToURL -->
        <test-method status="PASS" signature="clickOnSwipeButtonAndFetchCarouselText(java.lang.String)[pri:0, instance:com.rpshjha.test.Test_day2@9225652]" name="clickOnSwipeButtonAndFetchCarouselText" duration-ms="22263" started-at="2021-04-15T14:11:02 IST" data-provider="dataprovider_for_swipe_container_section" finished-at="2021-04-15T14:11:24 IST">
          <params>
            <param index="0">
              <value>
                <![CDATA[Top picks in electronics]]>
              </value>
            </param>
          </params>
          <reporter-output>
          </reporter-output>
        </test-method> <!-- clickOnSwipeButtonAndFetchCarouselText -->
        <test-method status="PASS" signature="navigateToURL()[pri:0, instance:com.rpshjha.test.Test_day2@9225652]" name="navigateToURL" is-config="true" duration-ms="9124" started-at="2021-04-15T14:11:24 IST" finished-at="2021-04-15T14:11:34 IST">
          <reporter-output>
          </reporter-output>
        </test-method> <!-- navigateToURL -->
        <test-method status="PASS" signature="clickOnSwipeButtonAndFetchCarouselText(java.lang.String)[pri:0, instance:com.rpshjha.test.Test_day2@9225652]" name="clickOnSwipeButtonAndFetchCarouselText" duration-ms="32968" started-at="2021-04-15T14:11:34 IST" data-provider="dataprovider_for_swipe_container_section" finished-at="2021-04-15T14:12:07 IST">
          <params>
            <param index="0">
              <value>
                <![CDATA[Buy 1 get 1 free on watches & eyewear]]>
              </value>
            </param>
          </params>
          <reporter-output>
          </reporter-output>
        </test-method> <!-- clickOnSwipeButtonAndFetchCarouselText -->
        <test-method status="PASS" signature="tearDown()[pri:0, instance:com.rpshjha.test.Test_day2@9225652]" name="tearDown" is-config="true" duration-ms="1001" started-at="2021-04-15T14:12:07 IST" finished-at="2021-04-15T14:12:08 IST">
          <reporter-output>
          </reporter-output>
        </test-method> <!-- tearDown -->
      </class> <!-- com.rpshjha.test.Test_day2 -->
    </test> <!-- Test -->
  </suite> <!-- Suite -->
</testng-results>
